[2022-09-08 05:18:35,794][root][INFO] - Make training model default
[2022-09-08 05:18:35,795][Task2_image_inpainting.lama.saicinpainting.training.trainers.base][INFO] - BaseInpaintingTrainingModule init called
[2022-09-08 05:18:35,796][root][INFO] - Make generator ffc_resnet
[2022-09-08 05:18:36,168][Task2_image_inpainting.lama.saicinpainting.training.trainers.base][INFO] - Generator
FFCResNetGenerator(
  (model): Sequential(
    (0): ReflectionPad2d((3, 3, 3, 3))
    (1): FFC_BN_ACT(
      (ffc): FFC(
        (convl2l): Conv2d(4, 64, kernel_size=(7, 7), stride=(1, 1), bias=False, padding_mode=reflect)
        (convl2g): Identity()
        (convg2l): Identity()
        (convg2g): Identity()
        (gate): Identity()
      )
      (bn_l): BatchNorm2d(64, eps=1e-05, momentum=0.1, affine=True, track_running_stats=True)
      (bn_g): Identity()
      (act_l): ReLU(inplace=True)
      (act_g): Identity()
    )
    (2): FFC_BN_ACT(
      (ffc): FFC(
        (convl2l): Conv2d(64, 128, kernel_size=(3, 3), stride=(2, 2), padding=(1, 1), bias=False, padding_mode=reflect)
        (convl2g): Identity()
        (convg2l): Identity()
        (convg2g): Identity()
        (gate): Identity()
      )
      (bn_l): BatchNorm2d(128, eps=1e-05, momentum=0.1, affine=True, track_running_stats=True)
      (bn_g): Identity()
      (act_l): ReLU(inplace=True)
      (act_g): Identity()
    )
    (3): FFC_BN_ACT(
      (ffc): FFC(
        (convl2l): Conv2d(128, 256, kernel_size=(3, 3), stride=(2, 2), padding=(1, 1), bias=False, padding_mode=reflect)
        (convl2g): Identity()
        (convg2l): Identity()
        (convg2g): Identity()
        (gate): Identity()
      )
      (bn_l): BatchNorm2d(256, eps=1e-05, momentum=0.1, affine=True, track_running_stats=True)
      (bn_g): Identity()
      (act_l): ReLU(inplace=True)
      (act_g): Identity()
    )
    (4): FFC_BN_ACT(
      (ffc): FFC(
        (convl2l): Conv2d(256, 128, kernel_size=(3, 3), stride=(2, 2), padding=(1, 1), bias=False, padding_mode=reflect)
        (convl2g): Conv2d(256, 384, kernel_size=(3, 3), stride=(2, 2), padding=(1, 1), bias=False, padding_mode=reflect)
        (convg2l): Identity()
        (convg2g): Identity()
        (gate): Identity()
      )
      (bn_l): BatchNorm2d(128, eps=1e-05, momentum=0.1, affine=True, track_running_stats=True)
      (bn_g): BatchNorm2d(384, eps=1e-05, momentum=0.1, affine=True, track_running_stats=True)
      (act_l): ReLU(inplace=True)
      (act_g): ReLU(inplace=True)
    )
    (5): FFCResnetBlock(
      (conv1): FFC_BN_ACT(
        (ffc): FFC(
          (convl2l): Conv2d(128, 128, kernel_size=(3, 3), stride=(1, 1), padding=(1, 1), bias=False, padding_mode=reflect)
          (convl2g): Conv2d(128, 384, kernel_size=(3, 3), stride=(1, 1), padding=(1, 1), bias=False, padding_mode=reflect)
          (convg2l): Conv2d(384, 128, kernel_size=(3, 3), stride=(1, 1), padding=(1, 1), bias=False, padding_mode=reflect)
          (convg2g): SpectralTransform(
            (downsample): Identity()
            (conv1): Sequential(
              (0): Conv2d(384, 192, kernel_size=(1, 1), stride=(1, 1), bias=False)
              (1): BatchNorm2d(192, eps=1e-05, momentum=0.1, affine=True, track_running_stats=True)
              (2): ReLU(inplace=True)
            )
            (fu): FourierUnit(
              (conv_layer): Conv2d(384, 384, kernel_size=(1, 1), stride=(1, 1), bias=False)
              (bn): BatchNorm2d(384, eps=1e-05, momentum=0.1, affine=True, track_running_stats=True)
              (relu): ReLU(inplace=True)
            )
            (conv2): Conv2d(192, 384, kernel_size=(1, 1), stride=(1, 1), bias=False)
          )
          (gate): Identity()
        )
        (bn_l): BatchNorm2d(128, eps=1e-05, momentum=0.1, affine=True, track_running_stats=True)
        (bn_g): BatchNorm2d(384, eps=1e-05, momentum=0.1, affine=True, track_running_stats=True)
        (act_l): ReLU(inplace=True)
        (act_g): ReLU(inplace=True)
      )
      (conv2): FFC_BN_ACT(
        (ffc): FFC(
          (convl2l): Conv2d(128, 128, kernel_size=(3, 3), stride=(1, 1), padding=(1, 1), bias=False, padding_mode=reflect)
          (convl2g): Conv2d(128, 384, kernel_size=(3, 3), stride=(1, 1), padding=(1, 1), bias=False, padding_mode=reflect)
          (convg2l): Conv2d(384, 128, kernel_size=(3, 3), stride=(1, 1), padding=(1, 1), bias=False, padding_mode=reflect)
          (convg2g): SpectralTransform(
            (downsample): Identity()
            (conv1): Sequential(
              (0): Conv2d(384, 192, kernel_size=(1, 1), stride=(1, 1), bias=False)
              (1): BatchNorm2d(192, eps=1e-05, momentum=0.1, affine=True, track_running_stats=True)
              (2): ReLU(inplace=True)
            )
            (fu): FourierUnit(
              (conv_layer): Conv2d(384, 384, kernel_size=(1, 1), stride=(1, 1), bias=False)
              (bn): BatchNorm2d(384, eps=1e-05, momentum=0.1, affine=True, track_running_stats=True)
              (relu): ReLU(inplace=True)
            )
            (conv2): Conv2d(192, 384, kernel_size=(1, 1), stride=(1, 1), bias=False)
          )
          (gate): Identity()
        )
        (bn_l): BatchNorm2d(128, eps=1e-05, momentum=0.1, affine=True, track_running_stats=True)
        (bn_g): BatchNorm2d(384, eps=1e-05, momentum=0.1, affine=True, track_running_stats=True)
        (act_l): ReLU(inplace=True)
        (act_g): ReLU(inplace=True)
      )
    )
    (6): FFCResnetBlock(
      (conv1): FFC_BN_ACT(
        (ffc): FFC(
          (convl2l): Conv2d(128, 128, kernel_size=(3, 3), stride=(1, 1), padding=(1, 1), bias=False, padding_mode=reflect)
          (convl2g): Conv2d(128, 384, kernel_size=(3, 3), stride=(1, 1), padding=(1, 1), bias=False, padding_mode=reflect)
          (convg2l): Conv2d(384, 128, kernel_size=(3, 3), stride=(1, 1), padding=(1, 1), bias=False, padding_mode=reflect)
          (convg2g): SpectralTransform(
            (downsample): Identity()
            (conv1): Sequential(
              (0): Conv2d(384, 192, kernel_size=(1, 1), stride=(1, 1), bias=False)
              (1): BatchNorm2d(192, eps=1e-05, momentum=0.1, affine=True, track_running_stats=True)
              (2): ReLU(inplace=True)
            )
            (fu): FourierUnit(
              (conv_layer): Conv2d(384, 384, kernel_size=(1, 1), stride=(1, 1), bias=False)
              (bn): BatchNorm2d(384, eps=1e-05, momentum=0.1, affine=True, track_running_stats=True)
              (relu): ReLU(inplace=True)
            )
            (conv2): Conv2d(192, 384, kernel_size=(1, 1), stride=(1, 1), bias=False)
          )
          (gate): Identity()
        )
        (bn_l): BatchNorm2d(128, eps=1e-05, momentum=0.1, affine=True, track_running_stats=True)
        (bn_g): BatchNorm2d(384, eps=1e-05, momentum=0.1, affine=True, track_running_stats=True)
        (act_l): ReLU(inplace=True)
        (act_g): ReLU(inplace=True)
      )
      (conv2): FFC_BN_ACT(
        (ffc): FFC(
          (convl2l): Conv2d(128, 128, kernel_size=(3, 3), stride=(1, 1), padding=(1, 1), bias=False, padding_mode=reflect)
          (convl2g): Conv2d(128, 384, kernel_size=(3, 3), stride=(1, 1), padding=(1, 1), bias=False, padding_mode=reflect)
          (convg2l): Conv2d(384, 128, kernel_size=(3, 3), stride=(1, 1), padding=(1, 1), bias=False, padding_mode=reflect)
          (convg2g): SpectralTransform(
            (downsample): Identity()
            (conv1): Sequential(
              (0): Conv2d(384, 192, kernel_size=(1, 1), stride=(1, 1), bias=False)
              (1): BatchNorm2d(192, eps=1e-05, momentum=0.1, affine=True, track_running_stats=True)
              (2): ReLU(inplace=True)
            )
            (fu): FourierUnit(
              (conv_layer): Conv2d(384, 384, kernel_size=(1, 1), stride=(1, 1), bias=False)
              (bn): BatchNorm2d(384, eps=1e-05, momentum=0.1, affine=True, track_running_stats=True)
              (relu): ReLU(inplace=True)
            )
            (conv2): Conv2d(192, 384, kernel_size=(1, 1), stride=(1, 1), bias=False)
          )
          (gate): Identity()
        )
        (bn_l): BatchNorm2d(128, eps=1e-05, momentum=0.1, affine=True, track_running_stats=True)
        (bn_g): BatchNorm2d(384, eps=1e-05, momentum=0.1, affine=True, track_running_stats=True)
        (act_l): ReLU(inplace=True)
        (act_g): ReLU(inplace=True)
      )
    )
    (7): FFCResnetBlock(
      (conv1): FFC_BN_ACT(
        (ffc): FFC(
          (convl2l): Conv2d(128, 128, kernel_size=(3, 3), stride=(1, 1), padding=(1, 1), bias=False, padding_mode=reflect)
          (convl2g): Conv2d(128, 384, kernel_size=(3, 3), stride=(1, 1), padding=(1, 1), bias=False, padding_mode=reflect)
          (convg2l): Conv2d(384, 128, kernel_size=(3, 3), stride=(1, 1), padding=(1, 1), bias=False, padding_mode=reflect)
          (convg2g): SpectralTransform(
            (downsample): Identity()
            (conv1): Sequential(
              (0): Conv2d(384, 192, kernel_size=(1, 1), stride=(1, 1), bias=False)
              (1): BatchNorm2d(192, eps=1e-05, momentum=0.1, affine=True, track_running_stats=True)
              (2): ReLU(inplace=True)
            )
            (fu): FourierUnit(
              (conv_layer): Conv2d(384, 384, kernel_size=(1, 1), stride=(1, 1), bias=False)
              (bn): BatchNorm2d(384, eps=1e-05, momentum=0.1, affine=True, track_running_stats=True)
              (relu): ReLU(inplace=True)
            )
            (conv2): Conv2d(192, 384, kernel_size=(1, 1), stride=(1, 1), bias=False)
          )
          (gate): Identity()
        )
        (bn_l): BatchNorm2d(128, eps=1e-05, momentum=0.1, affine=True, track_running_stats=True)
        (bn_g): BatchNorm2d(384, eps=1e-05, momentum=0.1, affine=True, track_running_stats=True)
        (act_l): ReLU(inplace=True)
        (act_g): ReLU(inplace=True)
      )
      (conv2): FFC_BN_ACT(
        (ffc): FFC(
          (convl2l): Conv2d(128, 128, kernel_size=(3, 3), stride=(1, 1), padding=(1, 1), bias=False, padding_mode=reflect)
          (convl2g): Conv2d(128, 384, kernel_size=(3, 3), stride=(1, 1), padding=(1, 1), bias=False, padding_mode=reflect)
          (convg2l): Conv2d(384, 128, kernel_size=(3, 3), stride=(1, 1), padding=(1, 1), bias=False, padding_mode=reflect)
          (convg2g): SpectralTransform(
            (downsample): Identity()
            (conv1): Sequential(
              (0): Conv2d(384, 192, kernel_size=(1, 1), stride=(1, 1), bias=False)
              (1): BatchNorm2d(192, eps=1e-05, momentum=0.1, affine=True, track_running_stats=True)
              (2): ReLU(inplace=True)
            )
            (fu): FourierUnit(
              (conv_layer): Conv2d(384, 384, kernel_size=(1, 1), stride=(1, 1), bias=False)
              (bn): BatchNorm2d(384, eps=1e-05, momentum=0.1, affine=True, track_running_stats=True)
              (relu): ReLU(inplace=True)
            )
            (conv2): Conv2d(192, 384, kernel_size=(1, 1), stride=(1, 1), bias=False)
          )
          (gate): Identity()
        )
        (bn_l): BatchNorm2d(128, eps=1e-05, momentum=0.1, affine=True, track_running_stats=True)
        (bn_g): BatchNorm2d(384, eps=1e-05, momentum=0.1, affine=True, track_running_stats=True)
        (act_l): ReLU(inplace=True)
        (act_g): ReLU(inplace=True)
      )
    )
    (8): FFCResnetBlock(
      (conv1): FFC_BN_ACT(
        (ffc): FFC(
          (convl2l): Conv2d(128, 128, kernel_size=(3, 3), stride=(1, 1), padding=(1, 1), bias=False, padding_mode=reflect)
          (convl2g): Conv2d(128, 384, kernel_size=(3, 3), stride=(1, 1), padding=(1, 1), bias=False, padding_mode=reflect)
          (convg2l): Conv2d(384, 128, kernel_size=(3, 3), stride=(1, 1), padding=(1, 1), bias=False, padding_mode=reflect)
          (convg2g): SpectralTransform(
            (downsample): Identity()
            (conv1): Sequential(
              (0): Conv2d(384, 192, kernel_size=(1, 1), stride=(1, 1), bias=False)
              (1): BatchNorm2d(192, eps=1e-05, momentum=0.1, affine=True, track_running_stats=True)
              (2): ReLU(inplace=True)
            )
            (fu): FourierUnit(
              (conv_layer): Conv2d(384, 384, kernel_size=(1, 1), stride=(1, 1), bias=False)
              (bn): BatchNorm2d(384, eps=1e-05, momentum=0.1, affine=True, track_running_stats=True)
              (relu): ReLU(inplace=True)
            )
            (conv2): Conv2d(192, 384, kernel_size=(1, 1), stride=(1, 1), bias=False)
          )
          (gate): Identity()
        )
        (bn_l): BatchNorm2d(128, eps=1e-05, momentum=0.1, affine=True, track_running_stats=True)
        (bn_g): BatchNorm2d(384, eps=1e-05, momentum=0.1, affine=True, track_running_stats=True)
        (act_l): ReLU(inplace=True)
        (act_g): ReLU(inplace=True)
      )
      (conv2): FFC_BN_ACT(
        (ffc): FFC(
          (convl2l): Conv2d(128, 128, kernel_size=(3, 3), stride=(1, 1), padding=(1, 1), bias=False, padding_mode=reflect)
          (convl2g): Conv2d(128, 384, kernel_size=(3, 3), stride=(1, 1), padding=(1, 1), bias=False, padding_mode=reflect)
          (convg2l): Conv2d(384, 128, kernel_size=(3, 3), stride=(1, 1), padding=(1, 1), bias=False, padding_mode=reflect)
          (convg2g): SpectralTransform(
            (downsample): Identity()
            (conv1): Sequential(
              (0): Conv2d(384, 192, kernel_size=(1, 1), stride=(1, 1), bias=False)
              (1): BatchNorm2d(192, eps=1e-05, momentum=0.1, affine=True, track_running_stats=True)
              (2): ReLU(inplace=True)
            )
            (fu): FourierUnit(
              (conv_layer): Conv2d(384, 384, kernel_size=(1, 1), stride=(1, 1), bias=False)
              (bn): BatchNorm2d(384, eps=1e-05, momentum=0.1, affine=True, track_running_stats=True)
              (relu): ReLU(inplace=True)
            )
            (conv2): Conv2d(192, 384, kernel_size=(1, 1), stride=(1, 1), bias=False)
          )
          (gate): Identity()
        )
        (bn_l): BatchNorm2d(128, eps=1e-05, momentum=0.1, affine=True, track_running_stats=True)
        (bn_g): BatchNorm2d(384, eps=1e-05, momentum=0.1, affine=True, track_running_stats=True)
        (act_l): ReLU(inplace=True)
        (act_g): ReLU(inplace=True)
      )
    )
    (9): FFCResnetBlock(
      (conv1): FFC_BN_ACT(
        (ffc): FFC(
          (convl2l): Conv2d(128, 128, kernel_size=(3, 3), stride=(1, 1), padding=(1, 1), bias=False, padding_mode=reflect)
          (convl2g): Conv2d(128, 384, kernel_size=(3, 3), stride=(1, 1), padding=(1, 1), bias=False, padding_mode=reflect)
          (convg2l): Conv2d(384, 128, kernel_size=(3, 3), stride=(1, 1), padding=(1, 1), bias=False, padding_mode=reflect)
          (convg2g): SpectralTransform(
            (downsample): Identity()
            (conv1): Sequential(
              (0): Conv2d(384, 192, kernel_size=(1, 1), stride=(1, 1), bias=False)
              (1): BatchNorm2d(192, eps=1e-05, momentum=0.1, affine=True, track_running_stats=True)
              (2): ReLU(inplace=True)
            )
            (fu): FourierUnit(
              (conv_layer): Conv2d(384, 384, kernel_size=(1, 1), stride=(1, 1), bias=False)
              (bn): BatchNorm2d(384, eps=1e-05, momentum=0.1, affine=True, track_running_stats=True)
              (relu): ReLU(inplace=True)
            )
            (conv2): Conv2d(192, 384, kernel_size=(1, 1), stride=(1, 1), bias=False)
          )
          (gate): Identity()
        )
        (bn_l): BatchNorm2d(128, eps=1e-05, momentum=0.1, affine=True, track_running_stats=True)
        (bn_g): BatchNorm2d(384, eps=1e-05, momentum=0.1, affine=True, track_running_stats=True)
        (act_l): ReLU(inplace=True)
        (act_g): ReLU(inplace=True)
      )
      (conv2): FFC_BN_ACT(
        (ffc): FFC(
          (convl2l): Conv2d(128, 128, kernel_size=(3, 3), stride=(1, 1), padding=(1, 1), bias=False, padding_mode=reflect)
          (convl2g): Conv2d(128, 384, kernel_size=(3, 3), stride=(1, 1), padding=(1, 1), bias=False, padding_mode=reflect)
          (convg2l): Conv2d(384, 128, kernel_size=(3, 3), stride=(1, 1), padding=(1, 1), bias=False, padding_mode=reflect)
          (convg2g): SpectralTransform(
            (downsample): Identity()
            (conv1): Sequential(
              (0): Conv2d(384, 192, kernel_size=(1, 1), stride=(1, 1), bias=False)
              (1): BatchNorm2d(192, eps=1e-05, momentum=0.1, affine=True, track_running_stats=True)
              (2): ReLU(inplace=True)
            )
            (fu): FourierUnit(
              (conv_layer): Conv2d(384, 384, kernel_size=(1, 1), stride=(1, 1), bias=False)
              (bn): BatchNorm2d(384, eps=1e-05, momentum=0.1, affine=True, track_running_stats=True)
              (relu): ReLU(inplace=True)
            )
            (conv2): Conv2d(192, 384, kernel_size=(1, 1), stride=(1, 1), bias=False)
          )
          (gate): Identity()
        )
        (bn_l): BatchNorm2d(128, eps=1e-05, momentum=0.1, affine=True, track_running_stats=True)
        (bn_g): BatchNorm2d(384, eps=1e-05, momentum=0.1, affine=True, track_running_stats=True)
        (act_l): ReLU(inplace=True)
        (act_g): ReLU(inplace=True)
      )
    )
    (10): FFCResnetBlock(
      (conv1): FFC_BN_ACT(
        (ffc): FFC(
          (convl2l): Conv2d(128, 128, kernel_size=(3, 3), stride=(1, 1), padding=(1, 1), bias=False, padding_mode=reflect)
          (convl2g): Conv2d(128, 384, kernel_size=(3, 3), stride=(1, 1), padding=(1, 1), bias=False, padding_mode=reflect)
          (convg2l): Conv2d(384, 128, kernel_size=(3, 3), stride=(1, 1), padding=(1, 1), bias=False, padding_mode=reflect)
          (convg2g): SpectralTransform(
            (downsample): Identity()
            (conv1): Sequential(
              (0): Conv2d(384, 192, kernel_size=(1, 1), stride=(1, 1), bias=False)
              (1): BatchNorm2d(192, eps=1e-05, momentum=0.1, affine=True, track_running_stats=True)
              (2): ReLU(inplace=True)
            )
            (fu): FourierUnit(
              (conv_layer): Conv2d(384, 384, kernel_size=(1, 1), stride=(1, 1), bias=False)
              (bn): BatchNorm2d(384, eps=1e-05, momentum=0.1, affine=True, track_running_stats=True)
              (relu): ReLU(inplace=True)
            )
            (conv2): Conv2d(192, 384, kernel_size=(1, 1), stride=(1, 1), bias=False)
          )
          (gate): Identity()
        )
        (bn_l): BatchNorm2d(128, eps=1e-05, momentum=0.1, affine=True, track_running_stats=True)
        (bn_g): BatchNorm2d(384, eps=1e-05, momentum=0.1, affine=True, track_running_stats=True)
        (act_l): ReLU(inplace=True)
        (act_g): ReLU(inplace=True)
      )
      (conv2): FFC_BN_ACT(
        (ffc): FFC(
          (convl2l): Conv2d(128, 128, kernel_size=(3, 3), stride=(1, 1), padding=(1, 1), bias=False, padding_mode=reflect)
          (convl2g): Conv2d(128, 384, kernel_size=(3, 3), stride=(1, 1), padding=(1, 1), bias=False, padding_mode=reflect)
          (convg2l): Conv2d(384, 128, kernel_size=(3, 3), stride=(1, 1), padding=(1, 1), bias=False, padding_mode=reflect)
          (convg2g): SpectralTransform(
            (downsample): Identity()
            (conv1): Sequential(
              (0): Conv2d(384, 192, kernel_size=(1, 1), stride=(1, 1), bias=False)
              (1): BatchNorm2d(192, eps=1e-05, momentum=0.1, affine=True, track_running_stats=True)
              (2): ReLU(inplace=True)
            )
            (fu): FourierUnit(
              (conv_layer): Conv2d(384, 384, kernel_size=(1, 1), stride=(1, 1), bias=False)
              (bn): BatchNorm2d(384, eps=1e-05, momentum=0.1, affine=True, track_running_stats=True)
              (relu): ReLU(inplace=True)
            )
            (conv2): Conv2d(192, 384, kernel_size=(1, 1), stride=(1, 1), bias=False)
          )
          (gate): Identity()
        )
        (bn_l): BatchNorm2d(128, eps=1e-05, momentum=0.1, affine=True, track_running_stats=True)
        (bn_g): BatchNorm2d(384, eps=1e-05, momentum=0.1, affine=True, track_running_stats=True)
        (act_l): ReLU(inplace=True)
        (act_g): ReLU(inplace=True)
      )
    )
    (11): FFCResnetBlock(
      (conv1): FFC_BN_ACT(
        (ffc): FFC(
          (convl2l): Conv2d(128, 128, kernel_size=(3, 3), stride=(1, 1), padding=(1, 1), bias=False, padding_mode=reflect)
          (convl2g): Conv2d(128, 384, kernel_size=(3, 3), stride=(1, 1), padding=(1, 1), bias=False, padding_mode=reflect)
          (convg2l): Conv2d(384, 128, kernel_size=(3, 3), stride=(1, 1), padding=(1, 1), bias=False, padding_mode=reflect)
          (convg2g): SpectralTransform(
            (downsample): Identity()
            (conv1): Sequential(
              (0): Conv2d(384, 192, kernel_size=(1, 1), stride=(1, 1), bias=False)
              (1): BatchNorm2d(192, eps=1e-05, momentum=0.1, affine=True, track_running_stats=True)
              (2): ReLU(inplace=True)
            )
            (fu): FourierUnit(
              (conv_layer): Conv2d(384, 384, kernel_size=(1, 1), stride=(1, 1), bias=False)
              (bn): BatchNorm2d(384, eps=1e-05, momentum=0.1, affine=True, track_running_stats=True)
              (relu): ReLU(inplace=True)
            )
            (conv2): Conv2d(192, 384, kernel_size=(1, 1), stride=(1, 1), bias=False)
          )
          (gate): Identity()
        )
        (bn_l): BatchNorm2d(128, eps=1e-05, momentum=0.1, affine=True, track_running_stats=True)
        (bn_g): BatchNorm2d(384, eps=1e-05, momentum=0.1, affine=True, track_running_stats=True)
        (act_l): ReLU(inplace=True)
        (act_g): ReLU(inplace=True)
      )
      (conv2): FFC_BN_ACT(
        (ffc): FFC(
          (convl2l): Conv2d(128, 128, kernel_size=(3, 3), stride=(1, 1), padding=(1, 1), bias=False, padding_mode=reflect)
          (convl2g): Conv2d(128, 384, kernel_size=(3, 3), stride=(1, 1), padding=(1, 1), bias=False, padding_mode=reflect)
          (convg2l): Conv2d(384, 128, kernel_size=(3, 3), stride=(1, 1), padding=(1, 1), bias=False, padding_mode=reflect)
          (convg2g): SpectralTransform(
            (downsample): Identity()
            (conv1): Sequential(
              (0): Conv2d(384, 192, kernel_size=(1, 1), stride=(1, 1), bias=False)
              (1): BatchNorm2d(192, eps=1e-05, momentum=0.1, affine=True, track_running_stats=True)
              (2): ReLU(inplace=True)
            )
            (fu): FourierUnit(
              (conv_layer): Conv2d(384, 384, kernel_size=(1, 1), stride=(1, 1), bias=False)
              (bn): BatchNorm2d(384, eps=1e-05, momentum=0.1, affine=True, track_running_stats=True)
              (relu): ReLU(inplace=True)
            )
            (conv2): Conv2d(192, 384, kernel_size=(1, 1), stride=(1, 1), bias=False)
          )
          (gate): Identity()
        )
        (bn_l): BatchNorm2d(128, eps=1e-05, momentum=0.1, affine=True, track_running_stats=True)
        (bn_g): BatchNorm2d(384, eps=1e-05, momentum=0.1, affine=True, track_running_stats=True)
        (act_l): ReLU(inplace=True)
        (act_g): ReLU(inplace=True)
      )
    )
    (12): FFCResnetBlock(
      (conv1): FFC_BN_ACT(
        (ffc): FFC(
          (convl2l): Conv2d(128, 128, kernel_size=(3, 3), stride=(1, 1), padding=(1, 1), bias=False, padding_mode=reflect)
          (convl2g): Conv2d(128, 384, kernel_size=(3, 3), stride=(1, 1), padding=(1, 1), bias=False, padding_mode=reflect)
          (convg2l): Conv2d(384, 128, kernel_size=(3, 3), stride=(1, 1), padding=(1, 1), bias=False, padding_mode=reflect)
          (convg2g): SpectralTransform(
            (downsample): Identity()
            (conv1): Sequential(
              (0): Conv2d(384, 192, kernel_size=(1, 1), stride=(1, 1), bias=False)
              (1): BatchNorm2d(192, eps=1e-05, momentum=0.1, affine=True, track_running_stats=True)
              (2): ReLU(inplace=True)
            )
            (fu): FourierUnit(
              (conv_layer): Conv2d(384, 384, kernel_size=(1, 1), stride=(1, 1), bias=False)
              (bn): BatchNorm2d(384, eps=1e-05, momentum=0.1, affine=True, track_running_stats=True)
              (relu): ReLU(inplace=True)
            )
            (conv2): Conv2d(192, 384, kernel_size=(1, 1), stride=(1, 1), bias=False)
          )
          (gate): Identity()
        )
        (bn_l): BatchNorm2d(128, eps=1e-05, momentum=0.1, affine=True, track_running_stats=True)
        (bn_g): BatchNorm2d(384, eps=1e-05, momentum=0.1, affine=True, track_running_stats=True)
        (act_l): ReLU(inplace=True)
        (act_g): ReLU(inplace=True)
      )
      (conv2): FFC_BN_ACT(
        (ffc): FFC(
          (convl2l): Conv2d(128, 128, kernel_size=(3, 3), stride=(1, 1), padding=(1, 1), bias=False, padding_mode=reflect)
          (convl2g): Conv2d(128, 384, kernel_size=(3, 3), stride=(1, 1), padding=(1, 1), bias=False, padding_mode=reflect)
          (convg2l): Conv2d(384, 128, kernel_size=(3, 3), stride=(1, 1), padding=(1, 1), bias=False, padding_mode=reflect)
          (convg2g): SpectralTransform(
            (downsample): Identity()
            (conv1): Sequential(
              (0): Conv2d(384, 192, kernel_size=(1, 1), stride=(1, 1), bias=False)
              (1): BatchNorm2d(192, eps=1e-05, momentum=0.1, affine=True, track_running_stats=True)
              (2): ReLU(inplace=True)
            )
            (fu): FourierUnit(
              (conv_layer): Conv2d(384, 384, kernel_size=(1, 1), stride=(1, 1), bias=False)
              (bn): BatchNorm2d(384, eps=1e-05, momentum=0.1, affine=True, track_running_stats=True)
              (relu): ReLU(inplace=True)
            )
            (conv2): Conv2d(192, 384, kernel_size=(1, 1), stride=(1, 1), bias=False)
          )
          (gate): Identity()
        )
        (bn_l): BatchNorm2d(128, eps=1e-05, momentum=0.1, affine=True, track_running_stats=True)
        (bn_g): BatchNorm2d(384, eps=1e-05, momentum=0.1, affine=True, track_running_stats=True)
        (act_l): ReLU(inplace=True)
        (act_g): ReLU(inplace=True)
      )
    )
    (13): FFCResnetBlock(
      (conv1): FFC_BN_ACT(
        (ffc): FFC(
          (convl2l): Conv2d(128, 128, kernel_size=(3, 3), stride=(1, 1), padding=(1, 1), bias=False, padding_mode=reflect)
          (convl2g): Conv2d(128, 384, kernel_size=(3, 3), stride=(1, 1), padding=(1, 1), bias=False, padding_mode=reflect)
          (convg2l): Conv2d(384, 128, kernel_size=(3, 3), stride=(1, 1), padding=(1, 1), bias=False, padding_mode=reflect)
          (convg2g): SpectralTransform(
            (downsample): Identity()
            (conv1): Sequential(
              (0): Conv2d(384, 192, kernel_size=(1, 1), stride=(1, 1), bias=False)
              (1): BatchNorm2d(192, eps=1e-05, momentum=0.1, affine=True, track_running_stats=True)
              (2): ReLU(inplace=True)
            )
            (fu): FourierUnit(
              (conv_layer): Conv2d(384, 384, kernel_size=(1, 1), stride=(1, 1), bias=False)
              (bn): BatchNorm2d(384, eps=1e-05, momentum=0.1, affine=True, track_running_stats=True)
              (relu): ReLU(inplace=True)
            )
            (conv2): Conv2d(192, 384, kernel_size=(1, 1), stride=(1, 1), bias=False)
          )
          (gate): Identity()
        )
        (bn_l): BatchNorm2d(128, eps=1e-05, momentum=0.1, affine=True, track_running_stats=True)
        (bn_g): BatchNorm2d(384, eps=1e-05, momentum=0.1, affine=True, track_running_stats=True)
        (act_l): ReLU(inplace=True)
        (act_g): ReLU(inplace=True)
      )
      (conv2): FFC_BN_ACT(
        (ffc): FFC(
          (convl2l): Conv2d(128, 128, kernel_size=(3, 3), stride=(1, 1), padding=(1, 1), bias=False, padding_mode=reflect)
          (convl2g): Conv2d(128, 384, kernel_size=(3, 3), stride=(1, 1), padding=(1, 1), bias=False, padding_mode=reflect)
          (convg2l): Conv2d(384, 128, kernel_size=(3, 3), stride=(1, 1), padding=(1, 1), bias=False, padding_mode=reflect)
          (convg2g): SpectralTransform(
            (downsample): Identity()
            (conv1): Sequential(
              (0): Conv2d(384, 192, kernel_size=(1, 1), stride=(1, 1), bias=False)
              (1): BatchNorm2d(192, eps=1e-05, momentum=0.1, affine=True, track_running_stats=True)
              (2): ReLU(inplace=True)
            )
            (fu): FourierUnit(
              (conv_layer): Conv2d(384, 384, kernel_size=(1, 1), stride=(1, 1), bias=False)
              (bn): BatchNorm2d(384, eps=1e-05, momentum=0.1, affine=True, track_running_stats=True)
              (relu): ReLU(inplace=True)
            )
            (conv2): Conv2d(192, 384, kernel_size=(1, 1), stride=(1, 1), bias=False)
          )
          (gate): Identity()
        )
        (bn_l): BatchNorm2d(128, eps=1e-05, momentum=0.1, affine=True, track_running_stats=True)
        (bn_g): BatchNorm2d(384, eps=1e-05, momentum=0.1, affine=True, track_running_stats=True)
        (act_l): ReLU(inplace=True)
        (act_g): ReLU(inplace=True)
      )
    )
    (14): FFCResnetBlock(
      (conv1): FFC_BN_ACT(
        (ffc): FFC(
          (convl2l): Conv2d(128, 128, kernel_size=(3, 3), stride=(1, 1), padding=(1, 1), bias=False, padding_mode=reflect)
          (convl2g): Conv2d(128, 384, kernel_size=(3, 3), stride=(1, 1), padding=(1, 1), bias=False, padding_mode=reflect)
          (convg2l): Conv2d(384, 128, kernel_size=(3, 3), stride=(1, 1), padding=(1, 1), bias=False, padding_mode=reflect)
          (convg2g): SpectralTransform(
            (downsample): Identity()
            (conv1): Sequential(
              (0): Conv2d(384, 192, kernel_size=(1, 1), stride=(1, 1), bias=False)
              (1): BatchNorm2d(192, eps=1e-05, momentum=0.1, affine=True, track_running_stats=True)
              (2): ReLU(inplace=True)
            )
            (fu): FourierUnit(
              (conv_layer): Conv2d(384, 384, kernel_size=(1, 1), stride=(1, 1), bias=False)
              (bn): BatchNorm2d(384, eps=1e-05, momentum=0.1, affine=True, track_running_stats=True)
              (relu): ReLU(inplace=True)
            )
            (conv2): Conv2d(192, 384, kernel_size=(1, 1), stride=(1, 1), bias=False)
          )
          (gate): Identity()
        )
        (bn_l): BatchNorm2d(128, eps=1e-05, momentum=0.1, affine=True, track_running_stats=True)
        (bn_g): BatchNorm2d(384, eps=1e-05, momentum=0.1, affine=True, track_running_stats=True)
        (act_l): ReLU(inplace=True)
        (act_g): ReLU(inplace=True)
      )
      (conv2): FFC_BN_ACT(
        (ffc): FFC(
          (convl2l): Conv2d(128, 128, kernel_size=(3, 3), stride=(1, 1), padding=(1, 1), bias=False, padding_mode=reflect)
          (convl2g): Conv2d(128, 384, kernel_size=(3, 3), stride=(1, 1), padding=(1, 1), bias=False, padding_mode=reflect)
          (convg2l): Conv2d(384, 128, kernel_size=(3, 3), stride=(1, 1), padding=(1, 1), bias=False, padding_mode=reflect)
          (convg2g): SpectralTransform(
            (downsample): Identity()
            (conv1): Sequential(
              (0): Conv2d(384, 192, kernel_size=(1, 1), stride=(1, 1), bias=False)
              (1): BatchNorm2d(192, eps=1e-05, momentum=0.1, affine=True, track_running_stats=True)
              (2): ReLU(inplace=True)
            )
            (fu): FourierUnit(
              (conv_layer): Conv2d(384, 384, kernel_size=(1, 1), stride=(1, 1), bias=False)
              (bn): BatchNorm2d(384, eps=1e-05, momentum=0.1, affine=True, track_running_stats=True)
              (relu): ReLU(inplace=True)
            )
            (conv2): Conv2d(192, 384, kernel_size=(1, 1), stride=(1, 1), bias=False)
          )
          (gate): Identity()
        )
        (bn_l): BatchNorm2d(128, eps=1e-05, momentum=0.1, affine=True, track_running_stats=True)
        (bn_g): BatchNorm2d(384, eps=1e-05, momentum=0.1, affine=True, track_running_stats=True)
        (act_l): ReLU(inplace=True)
        (act_g): ReLU(inplace=True)
      )
    )
    (15): FFCResnetBlock(
      (conv1): FFC_BN_ACT(
        (ffc): FFC(
          (convl2l): Conv2d(128, 128, kernel_size=(3, 3), stride=(1, 1), padding=(1, 1), bias=False, padding_mode=reflect)
          (convl2g): Conv2d(128, 384, kernel_size=(3, 3), stride=(1, 1), padding=(1, 1), bias=False, padding_mode=reflect)
          (convg2l): Conv2d(384, 128, kernel_size=(3, 3), stride=(1, 1), padding=(1, 1), bias=False, padding_mode=reflect)
          (convg2g): SpectralTransform(
            (downsample): Identity()
            (conv1): Sequential(
              (0): Conv2d(384, 192, kernel_size=(1, 1), stride=(1, 1), bias=False)
              (1): BatchNorm2d(192, eps=1e-05, momentum=0.1, affine=True, track_running_stats=True)
              (2): ReLU(inplace=True)
            )
            (fu): FourierUnit(
              (conv_layer): Conv2d(384, 384, kernel_size=(1, 1), stride=(1, 1), bias=False)
              (bn): BatchNorm2d(384, eps=1e-05, momentum=0.1, affine=True, track_running_stats=True)
              (relu): ReLU(inplace=True)
            )
            (conv2): Conv2d(192, 384, kernel_size=(1, 1), stride=(1, 1), bias=False)
          )
          (gate): Identity()
        )
        (bn_l): BatchNorm2d(128, eps=1e-05, momentum=0.1, affine=True, track_running_stats=True)
        (bn_g): BatchNorm2d(384, eps=1e-05, momentum=0.1, affine=True, track_running_stats=True)
        (act_l): ReLU(inplace=True)
        (act_g): ReLU(inplace=True)
      )
      (conv2): FFC_BN_ACT(
        (ffc): FFC(
          (convl2l): Conv2d(128, 128, kernel_size=(3, 3), stride=(1, 1), padding=(1, 1), bias=False, padding_mode=reflect)
          (convl2g): Conv2d(128, 384, kernel_size=(3, 3), stride=(1, 1), padding=(1, 1), bias=False, padding_mode=reflect)
          (convg2l): Conv2d(384, 128, kernel_size=(3, 3), stride=(1, 1), padding=(1, 1), bias=False, padding_mode=reflect)
          (convg2g): SpectralTransform(
            (downsample): Identity()
            (conv1): Sequential(
              (0): Conv2d(384, 192, kernel_size=(1, 1), stride=(1, 1), bias=False)
              (1): BatchNorm2d(192, eps=1e-05, momentum=0.1, affine=True, track_running_stats=True)
              (2): ReLU(inplace=True)
            )
            (fu): FourierUnit(
              (conv_layer): Conv2d(384, 384, kernel_size=(1, 1), stride=(1, 1), bias=False)
              (bn): BatchNorm2d(384, eps=1e-05, momentum=0.1, affine=True, track_running_stats=True)
              (relu): ReLU(inplace=True)
            )
            (conv2): Conv2d(192, 384, kernel_size=(1, 1), stride=(1, 1), bias=False)
          )
          (gate): Identity()
        )
        (bn_l): BatchNorm2d(128, eps=1e-05, momentum=0.1, affine=True, track_running_stats=True)
        (bn_g): BatchNorm2d(384, eps=1e-05, momentum=0.1, affine=True, track_running_stats=True)
        (act_l): ReLU(inplace=True)
        (act_g): ReLU(inplace=True)
      )
    )
    (16): FFCResnetBlock(
      (conv1): FFC_BN_ACT(
        (ffc): FFC(
          (convl2l): Conv2d(128, 128, kernel_size=(3, 3), stride=(1, 1), padding=(1, 1), bias=False, padding_mode=reflect)
          (convl2g): Conv2d(128, 384, kernel_size=(3, 3), stride=(1, 1), padding=(1, 1), bias=False, padding_mode=reflect)
          (convg2l): Conv2d(384, 128, kernel_size=(3, 3), stride=(1, 1), padding=(1, 1), bias=False, padding_mode=reflect)
          (convg2g): SpectralTransform(
            (downsample): Identity()
            (conv1): Sequential(
              (0): Conv2d(384, 192, kernel_size=(1, 1), stride=(1, 1), bias=False)
              (1): BatchNorm2d(192, eps=1e-05, momentum=0.1, affine=True, track_running_stats=True)
              (2): ReLU(inplace=True)
            )
            (fu): FourierUnit(
              (conv_layer): Conv2d(384, 384, kernel_size=(1, 1), stride=(1, 1), bias=False)
              (bn): BatchNorm2d(384, eps=1e-05, momentum=0.1, affine=True, track_running_stats=True)
              (relu): ReLU(inplace=True)
            )
            (conv2): Conv2d(192, 384, kernel_size=(1, 1), stride=(1, 1), bias=False)
          )
          (gate): Identity()
        )
        (bn_l): BatchNorm2d(128, eps=1e-05, momentum=0.1, affine=True, track_running_stats=True)
        (bn_g): BatchNorm2d(384, eps=1e-05, momentum=0.1, affine=True, track_running_stats=True)
        (act_l): ReLU(inplace=True)
        (act_g): ReLU(inplace=True)
      )
      (conv2): FFC_BN_ACT(
        (ffc): FFC(
          (convl2l): Conv2d(128, 128, kernel_size=(3, 3), stride=(1, 1), padding=(1, 1), bias=False, padding_mode=reflect)
          (convl2g): Conv2d(128, 384, kernel_size=(3, 3), stride=(1, 1), padding=(1, 1), bias=False, padding_mode=reflect)
          (convg2l): Conv2d(384, 128, kernel_size=(3, 3), stride=(1, 1), padding=(1, 1), bias=False, padding_mode=reflect)
          (convg2g): SpectralTransform(
            (downsample): Identity()
            (conv1): Sequential(
              (0): Conv2d(384, 192, kernel_size=(1, 1), stride=(1, 1), bias=False)
              (1): BatchNorm2d(192, eps=1e-05, momentum=0.1, affine=True, track_running_stats=True)
              (2): ReLU(inplace=True)
            )
            (fu): FourierUnit(
              (conv_layer): Conv2d(384, 384, kernel_size=(1, 1), stride=(1, 1), bias=False)
              (bn): BatchNorm2d(384, eps=1e-05, momentum=0.1, affine=True, track_running_stats=True)
              (relu): ReLU(inplace=True)
            )
            (conv2): Conv2d(192, 384, kernel_size=(1, 1), stride=(1, 1), bias=False)
          )
          (gate): Identity()
        )
        (bn_l): BatchNorm2d(128, eps=1e-05, momentum=0.1, affine=True, track_running_stats=True)
        (bn_g): BatchNorm2d(384, eps=1e-05, momentum=0.1, affine=True, track_running_stats=True)
        (act_l): ReLU(inplace=True)
        (act_g): ReLU(inplace=True)
      )
    )
    (17): FFCResnetBlock(
      (conv1): FFC_BN_ACT(
        (ffc): FFC(
          (convl2l): Conv2d(128, 128, kernel_size=(3, 3), stride=(1, 1), padding=(1, 1), bias=False, padding_mode=reflect)
          (convl2g): Conv2d(128, 384, kernel_size=(3, 3), stride=(1, 1), padding=(1, 1), bias=False, padding_mode=reflect)
          (convg2l): Conv2d(384, 128, kernel_size=(3, 3), stride=(1, 1), padding=(1, 1), bias=False, padding_mode=reflect)
          (convg2g): SpectralTransform(
            (downsample): Identity()
            (conv1): Sequential(
              (0): Conv2d(384, 192, kernel_size=(1, 1), stride=(1, 1), bias=False)
              (1): BatchNorm2d(192, eps=1e-05, momentum=0.1, affine=True, track_running_stats=True)
              (2): ReLU(inplace=True)
            )
            (fu): FourierUnit(
              (conv_layer): Conv2d(384, 384, kernel_size=(1, 1), stride=(1, 1), bias=False)
              (bn): BatchNorm2d(384, eps=1e-05, momentum=0.1, affine=True, track_running_stats=True)
              (relu): ReLU(inplace=True)
            )
            (conv2): Conv2d(192, 384, kernel_size=(1, 1), stride=(1, 1), bias=False)
          )
          (gate): Identity()
        )
        (bn_l): BatchNorm2d(128, eps=1e-05, momentum=0.1, affine=True, track_running_stats=True)
        (bn_g): BatchNorm2d(384, eps=1e-05, momentum=0.1, affine=True, track_running_stats=True)
        (act_l): ReLU(inplace=True)
        (act_g): ReLU(inplace=True)
      )
      (conv2): FFC_BN_ACT(
        (ffc): FFC(
          (convl2l): Conv2d(128, 128, kernel_size=(3, 3), stride=(1, 1), padding=(1, 1), bias=False, padding_mode=reflect)
          (convl2g): Conv2d(128, 384, kernel_size=(3, 3), stride=(1, 1), padding=(1, 1), bias=False, padding_mode=reflect)
          (convg2l): Conv2d(384, 128, kernel_size=(3, 3), stride=(1, 1), padding=(1, 1), bias=False, padding_mode=reflect)
          (convg2g): SpectralTransform(
            (downsample): Identity()
            (conv1): Sequential(
              (0): Conv2d(384, 192, kernel_size=(1, 1), stride=(1, 1), bias=False)
              (1): BatchNorm2d(192, eps=1e-05, momentum=0.1, affine=True, track_running_stats=True)
              (2): ReLU(inplace=True)
            )
            (fu): FourierUnit(
              (conv_layer): Conv2d(384, 384, kernel_size=(1, 1), stride=(1, 1), bias=False)
              (bn): BatchNorm2d(384, eps=1e-05, momentum=0.1, affine=True, track_running_stats=True)
              (relu): ReLU(inplace=True)
            )
            (conv2): Conv2d(192, 384, kernel_size=(1, 1), stride=(1, 1), bias=False)
          )
          (gate): Identity()
        )
        (bn_l): BatchNorm2d(128, eps=1e-05, momentum=0.1, affine=True, track_running_stats=True)
        (bn_g): BatchNorm2d(384, eps=1e-05, momentum=0.1, affine=True, track_running_stats=True)
        (act_l): ReLU(inplace=True)
        (act_g): ReLU(inplace=True)
      )
    )
    (18): FFCResnetBlock(
      (conv1): FFC_BN_ACT(
        (ffc): FFC(
          (convl2l): Conv2d(128, 128, kernel_size=(3, 3), stride=(1, 1), padding=(1, 1), bias=False, padding_mode=reflect)
          (convl2g): Conv2d(128, 384, kernel_size=(3, 3), stride=(1, 1), padding=(1, 1), bias=False, padding_mode=reflect)
          (convg2l): Conv2d(384, 128, kernel_size=(3, 3), stride=(1, 1), padding=(1, 1), bias=False, padding_mode=reflect)
          (convg2g): SpectralTransform(
            (downsample): Identity()
            (conv1): Sequential(
              (0): Conv2d(384, 192, kernel_size=(1, 1), stride=(1, 1), bias=False)
              (1): BatchNorm2d(192, eps=1e-05, momentum=0.1, affine=True, track_running_stats=True)
              (2): ReLU(inplace=True)
            )
            (fu): FourierUnit(
              (conv_layer): Conv2d(384, 384, kernel_size=(1, 1), stride=(1, 1), bias=False)
              (bn): BatchNorm2d(384, eps=1e-05, momentum=0.1, affine=True, track_running_stats=True)
              (relu): ReLU(inplace=True)
            )
            (conv2): Conv2d(192, 384, kernel_size=(1, 1), stride=(1, 1), bias=False)
          )
          (gate): Identity()
        )
        (bn_l): BatchNorm2d(128, eps=1e-05, momentum=0.1, affine=True, track_running_stats=True)
        (bn_g): BatchNorm2d(384, eps=1e-05, momentum=0.1, affine=True, track_running_stats=True)
        (act_l): ReLU(inplace=True)
        (act_g): ReLU(inplace=True)
      )
      (conv2): FFC_BN_ACT(
        (ffc): FFC(
          (convl2l): Conv2d(128, 128, kernel_size=(3, 3), stride=(1, 1), padding=(1, 1), bias=False, padding_mode=reflect)
          (convl2g): Conv2d(128, 384, kernel_size=(3, 3), stride=(1, 1), padding=(1, 1), bias=False, padding_mode=reflect)
          (convg2l): Conv2d(384, 128, kernel_size=(3, 3), stride=(1, 1), padding=(1, 1), bias=False, padding_mode=reflect)
          (convg2g): SpectralTransform(
            (downsample): Identity()
            (conv1): Sequential(
              (0): Conv2d(384, 192, kernel_size=(1, 1), stride=(1, 1), bias=False)
              (1): BatchNorm2d(192, eps=1e-05, momentum=0.1, affine=True, track_running_stats=True)
              (2): ReLU(inplace=True)
            )
            (fu): FourierUnit(
              (conv_layer): Conv2d(384, 384, kernel_size=(1, 1), stride=(1, 1), bias=False)
              (bn): BatchNorm2d(384, eps=1e-05, momentum=0.1, affine=True, track_running_stats=True)
              (relu): ReLU(inplace=True)
            )
            (conv2): Conv2d(192, 384, kernel_size=(1, 1), stride=(1, 1), bias=False)
          )
          (gate): Identity()
        )
        (bn_l): BatchNorm2d(128, eps=1e-05, momentum=0.1, affine=True, track_running_stats=True)
        (bn_g): BatchNorm2d(384, eps=1e-05, momentum=0.1, affine=True, track_running_stats=True)
        (act_l): ReLU(inplace=True)
        (act_g): ReLU(inplace=True)
      )
    )
    (19): FFCResnetBlock(
      (conv1): FFC_BN_ACT(
        (ffc): FFC(
          (convl2l): Conv2d(128, 128, kernel_size=(3, 3), stride=(1, 1), padding=(1, 1), bias=False, padding_mode=reflect)
          (convl2g): Conv2d(128, 384, kernel_size=(3, 3), stride=(1, 1), padding=(1, 1), bias=False, padding_mode=reflect)
          (convg2l): Conv2d(384, 128, kernel_size=(3, 3), stride=(1, 1), padding=(1, 1), bias=False, padding_mode=reflect)
          (convg2g): SpectralTransform(
            (downsample): Identity()
            (conv1): Sequential(
              (0): Conv2d(384, 192, kernel_size=(1, 1), stride=(1, 1), bias=False)
              (1): BatchNorm2d(192, eps=1e-05, momentum=0.1, affine=True, track_running_stats=True)
              (2): ReLU(inplace=True)
            )
            (fu): FourierUnit(
              (conv_layer): Conv2d(384, 384, kernel_size=(1, 1), stride=(1, 1), bias=False)
              (bn): BatchNorm2d(384, eps=1e-05, momentum=0.1, affine=True, track_running_stats=True)
              (relu): ReLU(inplace=True)
            )
            (conv2): Conv2d(192, 384, kernel_size=(1, 1), stride=(1, 1), bias=False)
          )
          (gate): Identity()
        )
        (bn_l): BatchNorm2d(128, eps=1e-05, momentum=0.1, affine=True, track_running_stats=True)
        (bn_g): BatchNorm2d(384, eps=1e-05, momentum=0.1, affine=True, track_running_stats=True)
        (act_l): ReLU(inplace=True)
        (act_g): ReLU(inplace=True)
      )
      (conv2): FFC_BN_ACT(
        (ffc): FFC(
          (convl2l): Conv2d(128, 128, kernel_size=(3, 3), stride=(1, 1), padding=(1, 1), bias=False, padding_mode=reflect)
          (convl2g): Conv2d(128, 384, kernel_size=(3, 3), stride=(1, 1), padding=(1, 1), bias=False, padding_mode=reflect)
          (convg2l): Conv2d(384, 128, kernel_size=(3, 3), stride=(1, 1), padding=(1, 1), bias=False, padding_mode=reflect)
          (convg2g): SpectralTransform(
            (downsample): Identity()
            (conv1): Sequential(
              (0): Conv2d(384, 192, kernel_size=(1, 1), stride=(1, 1), bias=False)
              (1): BatchNorm2d(192, eps=1e-05, momentum=0.1, affine=True, track_running_stats=True)
              (2): ReLU(inplace=True)
            )
            (fu): FourierUnit(
              (conv_layer): Conv2d(384, 384, kernel_size=(1, 1), stride=(1, 1), bias=False)
              (bn): BatchNorm2d(384, eps=1e-05, momentum=0.1, affine=True, track_running_stats=True)
              (relu): ReLU(inplace=True)
            )
            (conv2): Conv2d(192, 384, kernel_size=(1, 1), stride=(1, 1), bias=False)
          )
          (gate): Identity()
        )
        (bn_l): BatchNorm2d(128, eps=1e-05, momentum=0.1, affine=True, track_running_stats=True)
        (bn_g): BatchNorm2d(384, eps=1e-05, momentum=0.1, affine=True, track_running_stats=True)
        (act_l): ReLU(inplace=True)
        (act_g): ReLU(inplace=True)
      )
    )
    (20): FFCResnetBlock(
      (conv1): FFC_BN_ACT(
        (ffc): FFC(
          (convl2l): Conv2d(128, 128, kernel_size=(3, 3), stride=(1, 1), padding=(1, 1), bias=False, padding_mode=reflect)
          (convl2g): Conv2d(128, 384, kernel_size=(3, 3), stride=(1, 1), padding=(1, 1), bias=False, padding_mode=reflect)
          (convg2l): Conv2d(384, 128, kernel_size=(3, 3), stride=(1, 1), padding=(1, 1), bias=False, padding_mode=reflect)
          (convg2g): SpectralTransform(
            (downsample): Identity()
            (conv1): Sequential(
              (0): Conv2d(384, 192, kernel_size=(1, 1), stride=(1, 1), bias=False)
              (1): BatchNorm2d(192, eps=1e-05, momentum=0.1, affine=True, track_running_stats=True)
              (2): ReLU(inplace=True)
            )
            (fu): FourierUnit(
              (conv_layer): Conv2d(384, 384, kernel_size=(1, 1), stride=(1, 1), bias=False)
              (bn): BatchNorm2d(384, eps=1e-05, momentum=0.1, affine=True, track_running_stats=True)
              (relu): ReLU(inplace=True)
            )
            (conv2): Conv2d(192, 384, kernel_size=(1, 1), stride=(1, 1), bias=False)
          )
          (gate): Identity()
        )
        (bn_l): BatchNorm2d(128, eps=1e-05, momentum=0.1, affine=True, track_running_stats=True)
        (bn_g): BatchNorm2d(384, eps=1e-05, momentum=0.1, affine=True, track_running_stats=True)
        (act_l): ReLU(inplace=True)
        (act_g): ReLU(inplace=True)
      )
      (conv2): FFC_BN_ACT(
        (ffc): FFC(
          (convl2l): Conv2d(128, 128, kernel_size=(3, 3), stride=(1, 1), padding=(1, 1), bias=False, padding_mode=reflect)
          (convl2g): Conv2d(128, 384, kernel_size=(3, 3), stride=(1, 1), padding=(1, 1), bias=False, padding_mode=reflect)
          (convg2l): Conv2d(384, 128, kernel_size=(3, 3), stride=(1, 1), padding=(1, 1), bias=False, padding_mode=reflect)
          (convg2g): SpectralTransform(
            (downsample): Identity()
            (conv1): Sequential(
              (0): Conv2d(384, 192, kernel_size=(1, 1), stride=(1, 1), bias=False)
              (1): BatchNorm2d(192, eps=1e-05, momentum=0.1, affine=True, track_running_stats=True)
              (2): ReLU(inplace=True)
            )
            (fu): FourierUnit(
              (conv_layer): Conv2d(384, 384, kernel_size=(1, 1), stride=(1, 1), bias=False)
              (bn): BatchNorm2d(384, eps=1e-05, momentum=0.1, affine=True, track_running_stats=True)
              (relu): ReLU(inplace=True)
            )
            (conv2): Conv2d(192, 384, kernel_size=(1, 1), stride=(1, 1), bias=False)
          )
          (gate): Identity()
        )
        (bn_l): BatchNorm2d(128, eps=1e-05, momentum=0.1, affine=True, track_running_stats=True)
        (bn_g): BatchNorm2d(384, eps=1e-05, momentum=0.1, affine=True, track_running_stats=True)
        (act_l): ReLU(inplace=True)
        (act_g): ReLU(inplace=True)
      )
    )
    (21): FFCResnetBlock(
      (conv1): FFC_BN_ACT(
        (ffc): FFC(
          (convl2l): Conv2d(128, 128, kernel_size=(3, 3), stride=(1, 1), padding=(1, 1), bias=False, padding_mode=reflect)
          (convl2g): Conv2d(128, 384, kernel_size=(3, 3), stride=(1, 1), padding=(1, 1), bias=False, padding_mode=reflect)
          (convg2l): Conv2d(384, 128, kernel_size=(3, 3), stride=(1, 1), padding=(1, 1), bias=False, padding_mode=reflect)
          (convg2g): SpectralTransform(
            (downsample): Identity()
            (conv1): Sequential(
              (0): Conv2d(384, 192, kernel_size=(1, 1), stride=(1, 1), bias=False)
              (1): BatchNorm2d(192, eps=1e-05, momentum=0.1, affine=True, track_running_stats=True)
              (2): ReLU(inplace=True)
            )
            (fu): FourierUnit(
              (conv_layer): Conv2d(384, 384, kernel_size=(1, 1), stride=(1, 1), bias=False)
              (bn): BatchNorm2d(384, eps=1e-05, momentum=0.1, affine=True, track_running_stats=True)
              (relu): ReLU(inplace=True)
            )
            (conv2): Conv2d(192, 384, kernel_size=(1, 1), stride=(1, 1), bias=False)
          )
          (gate): Identity()
        )
        (bn_l): BatchNorm2d(128, eps=1e-05, momentum=0.1, affine=True, track_running_stats=True)
        (bn_g): BatchNorm2d(384, eps=1e-05, momentum=0.1, affine=True, track_running_stats=True)
        (act_l): ReLU(inplace=True)
        (act_g): ReLU(inplace=True)
      )
      (conv2): FFC_BN_ACT(
        (ffc): FFC(
          (convl2l): Conv2d(128, 128, kernel_size=(3, 3), stride=(1, 1), padding=(1, 1), bias=False, padding_mode=reflect)
          (convl2g): Conv2d(128, 384, kernel_size=(3, 3), stride=(1, 1), padding=(1, 1), bias=False, padding_mode=reflect)
          (convg2l): Conv2d(384, 128, kernel_size=(3, 3), stride=(1, 1), padding=(1, 1), bias=False, padding_mode=reflect)
          (convg2g): SpectralTransform(
            (downsample): Identity()
            (conv1): Sequential(
              (0): Conv2d(384, 192, kernel_size=(1, 1), stride=(1, 1), bias=False)
              (1): BatchNorm2d(192, eps=1e-05, momentum=0.1, affine=True, track_running_stats=True)
              (2): ReLU(inplace=True)
            )
            (fu): FourierUnit(
              (conv_layer): Conv2d(384, 384, kernel_size=(1, 1), stride=(1, 1), bias=False)
              (bn): BatchNorm2d(384, eps=1e-05, momentum=0.1, affine=True, track_running_stats=True)
              (relu): ReLU(inplace=True)
            )
            (conv2): Conv2d(192, 384, kernel_size=(1, 1), stride=(1, 1), bias=False)
          )
          (gate): Identity()
        )
        (bn_l): BatchNorm2d(128, eps=1e-05, momentum=0.1, affine=True, track_running_stats=True)
        (bn_g): BatchNorm2d(384, eps=1e-05, momentum=0.1, affine=True, track_running_stats=True)
        (act_l): ReLU(inplace=True)
        (act_g): ReLU(inplace=True)
      )
    )
    (22): FFCResnetBlock(
      (conv1): FFC_BN_ACT(
        (ffc): FFC(
          (convl2l): Conv2d(128, 128, kernel_size=(3, 3), stride=(1, 1), padding=(1, 1), bias=False, padding_mode=reflect)
          (convl2g): Conv2d(128, 384, kernel_size=(3, 3), stride=(1, 1), padding=(1, 1), bias=False, padding_mode=reflect)
          (convg2l): Conv2d(384, 128, kernel_size=(3, 3), stride=(1, 1), padding=(1, 1), bias=False, padding_mode=reflect)
          (convg2g): SpectralTransform(
            (downsample): Identity()
            (conv1): Sequential(
              (0): Conv2d(384, 192, kernel_size=(1, 1), stride=(1, 1), bias=False)
              (1): BatchNorm2d(192, eps=1e-05, momentum=0.1, affine=True, track_running_stats=True)
              (2): ReLU(inplace=True)
            )
            (fu): FourierUnit(
              (conv_layer): Conv2d(384, 384, kernel_size=(1, 1), stride=(1, 1), bias=False)
              (bn): BatchNorm2d(384, eps=1e-05, momentum=0.1, affine=True, track_running_stats=True)
              (relu): ReLU(inplace=True)
            )
            (conv2): Conv2d(192, 384, kernel_size=(1, 1), stride=(1, 1), bias=False)
          )
          (gate): Identity()
        )
        (bn_l): BatchNorm2d(128, eps=1e-05, momentum=0.1, affine=True, track_running_stats=True)
        (bn_g): BatchNorm2d(384, eps=1e-05, momentum=0.1, affine=True, track_running_stats=True)
        (act_l): ReLU(inplace=True)
        (act_g): ReLU(inplace=True)
      )
      (conv2): FFC_BN_ACT(
        (ffc): FFC(
          (convl2l): Conv2d(128, 128, kernel_size=(3, 3), stride=(1, 1), padding=(1, 1), bias=False, padding_mode=reflect)
          (convl2g): Conv2d(128, 384, kernel_size=(3, 3), stride=(1, 1), padding=(1, 1), bias=False, padding_mode=reflect)
          (convg2l): Conv2d(384, 128, kernel_size=(3, 3), stride=(1, 1), padding=(1, 1), bias=False, padding_mode=reflect)
          (convg2g): SpectralTransform(
            (downsample): Identity()
            (conv1): Sequential(
              (0): Conv2d(384, 192, kernel_size=(1, 1), stride=(1, 1), bias=False)
              (1): BatchNorm2d(192, eps=1e-05, momentum=0.1, affine=True, track_running_stats=True)
              (2): ReLU(inplace=True)
            )
            (fu): FourierUnit(
              (conv_layer): Conv2d(384, 384, kernel_size=(1, 1), stride=(1, 1), bias=False)
              (bn): BatchNorm2d(384, eps=1e-05, momentum=0.1, affine=True, track_running_stats=True)
              (relu): ReLU(inplace=True)
            )
            (conv2): Conv2d(192, 384, kernel_size=(1, 1), stride=(1, 1), bias=False)
          )
          (gate): Identity()
        )
        (bn_l): BatchNorm2d(128, eps=1e-05, momentum=0.1, affine=True, track_running_stats=True)
        (bn_g): BatchNorm2d(384, eps=1e-05, momentum=0.1, affine=True, track_running_stats=True)
        (act_l): ReLU(inplace=True)
        (act_g): ReLU(inplace=True)
      )
    )
    (23): ConcatTupleLayer()
    (24): ConvTranspose2d(512, 256, kernel_size=(3, 3), stride=(2, 2), padding=(1, 1), output_padding=(1, 1))
    (25): BatchNorm2d(256, eps=1e-05, momentum=0.1, affine=True, track_running_stats=True)
    (26): ReLU(inplace=True)
    (27): ConvTranspose2d(256, 128, kernel_size=(3, 3), stride=(2, 2), padding=(1, 1), output_padding=(1, 1))
    (28): BatchNorm2d(128, eps=1e-05, momentum=0.1, affine=True, track_running_stats=True)
    (29): ReLU(inplace=True)
    (30): ConvTranspose2d(128, 64, kernel_size=(3, 3), stride=(2, 2), padding=(1, 1), output_padding=(1, 1))
    (31): BatchNorm2d(64, eps=1e-05, momentum=0.1, affine=True, track_running_stats=True)
    (32): ReLU(inplace=True)
    (33): ReflectionPad2d((3, 3, 3, 3))
    (34): Conv2d(64, 3, kernel_size=(7, 7), stride=(1, 1))
    (35): Sigmoid()
  )
)
[2022-09-08 05:18:36,223][Task2_image_inpainting.lama.saicinpainting.training.trainers.base][INFO] - BaseInpaintingTrainingModule init done
[2022-09-08 05:18:36,224][Task2_image_inpainting.lama.bin.predict][CRITICAL] - Prediction failed due to [Errno 2] No such file or directory: 'big-lama\\models\\best.ckpt':
Traceback (most recent call last):
  File "c:\Users\myben\OneDrive\Documents\stage\Cloud_removal\Task2_image_inpainting\lama\bin\predict.py", line 56, in main
    model = load_checkpoint(train_config, checkpoint_path, strict=False, map_location='cpu')
  File "c:\Users\myben\OneDrive\Documents\stage\Cloud_removal\Task2_image_inpainting\lama\saicinpainting\training\trainers\__init__.py", line 27, in load_checkpoint
    state = torch.load(path, map_location=map_location)
  File "C:\Users\myben\AppData\Local\Programs\Python\Python38\lib\site-packages\torch\serialization.py", line 699, in load
    with _open_file_like(f, 'rb') as opened_file:
  File "C:\Users\myben\AppData\Local\Programs\Python\Python38\lib\site-packages\torch\serialization.py", line 230, in _open_file_like
    return _open_file(name_or_buffer, mode)
  File "C:\Users\myben\AppData\Local\Programs\Python\Python38\lib\site-packages\torch\serialization.py", line 211, in __init__
    super(_open_file, self).__init__(open(name, mode))
FileNotFoundError: [Errno 2] No such file or directory: 'big-lama\\models\\best.ckpt'

